
*** Running vivado
    with args -log gulf_top.vds -m64 -product Vivado -mode batch -messageDb vivado.pb -notrace -source gulf_top.tcl


****** Vivado v2018.2 (64-bit)
  **** SW Build 2258646 on Thu Jun 14 20:03:12 MDT 2018
  **** IP Build 2256618 on Thu Jun 14 22:10:49 MDT 2018
    ** Copyright 1986-2018 Xilinx, Inc. All Rights Reserved.

source gulf_top.tcl -notrace
Command: synth_design -top gulf_top -part xc7z020clg400-1
Starting synth_design
Attempting to get a license for feature 'Synthesis' and/or device 'xc7z020'
INFO: [Common 17-349] Got license for feature 'Synthesis' and/or device 'xc7z020'
INFO: Launching helper process for spawning children vivado processes
INFO: Helper process launched with PID 21316 
---------------------------------------------------------------------------------
Starting RTL Elaboration : Time (s): cpu = 00:00:03 ; elapsed = 00:00:03 . Memory (MB): peak = 468.043 ; gain = 95.004
---------------------------------------------------------------------------------
INFO: [Synth 8-638] synthesizing module 'gulf_top' [C:/Users/Cyrill/Documents/S6/BA-GULFstream/Pynq Setup/pynq_setup_gulf/pynq_setup_gulf.srcs/sources_1/new/gulf_top.vhd:50]
INFO: [Synth 8-3491] module 'data_rom' declared at 'C:/Users/Cyrill/Documents/S6/BA-GULFstream/Pynq Setup/pynq_setup_gulf/pynq_setup_gulf.runs/synth_1/.Xil/Vivado-5592-LAPTOP-ISQIQK2U/realtime/data_rom_stub.vhdl:5' bound to instance 'datarom' of component 'data_rom' [C:/Users/Cyrill/Documents/S6/BA-GULFstream/Pynq Setup/pynq_setup_gulf/pynq_setup_gulf.srcs/sources_1/new/gulf_top.vhd:98]
INFO: [Synth 8-638] synthesizing module 'data_rom' [C:/Users/Cyrill/Documents/S6/BA-GULFstream/Pynq Setup/pynq_setup_gulf/pynq_setup_gulf.runs/synth_1/.Xil/Vivado-5592-LAPTOP-ISQIQK2U/realtime/data_rom_stub.vhdl:14]
INFO: [Synth 8-3491] module 'data_fsm' declared at 'C:/Users/Cyrill/Documents/S6/BA-GULFstream/Pynq Setup/pynq_setup_gulf/pynq_setup_gulf.srcs/sources_1/new/data_fsm.vhd:34' bound to instance 'statemachine' of component 'data_fsm' [C:/Users/Cyrill/Documents/S6/BA-GULFstream/Pynq Setup/pynq_setup_gulf/pynq_setup_gulf.srcs/sources_1/new/gulf_top.vhd:105]
INFO: [Synth 8-638] synthesizing module 'data_fsm' [C:/Users/Cyrill/Documents/S6/BA-GULFstream/Pynq Setup/pynq_setup_gulf/pynq_setup_gulf.srcs/sources_1/new/data_fsm.vhd:44]
INFO: [Synth 8-226] default block is never used [C:/Users/Cyrill/Documents/S6/BA-GULFstream/Pynq Setup/pynq_setup_gulf/pynq_setup_gulf.srcs/sources_1/new/data_fsm.vhd:65]
INFO: [Synth 8-256] done synthesizing module 'data_fsm' (1#1) [C:/Users/Cyrill/Documents/S6/BA-GULFstream/Pynq Setup/pynq_setup_gulf/pynq_setup_gulf.srcs/sources_1/new/data_fsm.vhd:44]
	Parameter CAPACITANCE bound to: DONT_CARE - type: string 
	Parameter IOSTANDARD bound to: DEFAULT - type: string 
	Parameter SLEW bound to: SLOW - type: string 
INFO: [Synth 8-113] binding component instance 'OBUFDS_inst_data' to cell 'OBUFDS' [C:/Users/Cyrill/Documents/S6/BA-GULFstream/Pynq Setup/pynq_setup_gulf/pynq_setup_gulf.srcs/sources_1/new/gulf_top.vhd:116]
	Parameter CAPACITANCE bound to: DONT_CARE - type: string 
	Parameter DIFF_TERM bound to: 0 - type: bool 
	Parameter IBUF_DELAY_VALUE bound to: 0 - type: string 
	Parameter IBUF_LOW_PWR bound to: 1 - type: bool 
	Parameter IOSTANDARD bound to: DEFAULT - type: string 
INFO: [Synth 8-113] binding component instance 'IBUFGDS_inst_clk' to cell 'IBUFGDS' [C:/Users/Cyrill/Documents/S6/BA-GULFstream/Pynq Setup/pynq_setup_gulf/pynq_setup_gulf.srcs/sources_1/new/gulf_top.vhd:127]
	Parameter CAPACITANCE bound to: DONT_CARE - type: string 
	Parameter DIFF_TERM bound to: 0 - type: bool 
	Parameter DQS_BIAS bound to: FALSE - type: string 
	Parameter IBUF_DELAY_VALUE bound to: 0 - type: string 
	Parameter IBUF_LOW_PWR bound to: 1 - type: bool 
	Parameter IFD_DELAY_VALUE bound to: AUTO - type: string 
	Parameter IOSTANDARD bound to: DEFAULT - type: string 
INFO: [Synth 8-113] binding component instance 'IBUFDS_inst_data' to cell 'IBUFDS' [C:/Users/Cyrill/Documents/S6/BA-GULFstream/Pynq Setup/pynq_setup_gulf/pynq_setup_gulf.srcs/sources_1/new/gulf_top.vhd:148]
INFO: [Synth 8-3491] module 'ila_0' declared at 'C:/Users/Cyrill/Documents/S6/BA-GULFstream/Pynq Setup/pynq_setup_gulf/pynq_setup_gulf.runs/synth_1/.Xil/Vivado-5592-LAPTOP-ISQIQK2U/realtime/ila_0_stub.vhdl:5' bound to instance 'your_instance_name' of component 'ila_0' [C:/Users/Cyrill/Documents/S6/BA-GULFstream/Pynq Setup/pynq_setup_gulf/pynq_setup_gulf.srcs/sources_1/new/gulf_top.vhd:162]
INFO: [Synth 8-638] synthesizing module 'ila_0' [C:/Users/Cyrill/Documents/S6/BA-GULFstream/Pynq Setup/pynq_setup_gulf/pynq_setup_gulf.runs/synth_1/.Xil/Vivado-5592-LAPTOP-ISQIQK2U/realtime/ila_0_stub.vhdl:14]
INFO: [Synth 8-256] done synthesizing module 'gulf_top' (2#1) [C:/Users/Cyrill/Documents/S6/BA-GULFstream/Pynq Setup/pynq_setup_gulf/pynq_setup_gulf.srcs/sources_1/new/gulf_top.vhd:50]
---------------------------------------------------------------------------------
Finished RTL Elaboration : Time (s): cpu = 00:00:03 ; elapsed = 00:00:04 . Memory (MB): peak = 522.918 ; gain = 149.879
---------------------------------------------------------------------------------

Report Check Netlist: 
+------+------------------+-------+---------+-------+------------------+
|      |Item              |Errors |Warnings |Status |Description       |
+------+------------------+-------+---------+-------+------------------+
|1     |multi_driven_nets |      0|        0|Passed |Multi driven nets |
+------+------------------+-------+---------+-------+------------------+
---------------------------------------------------------------------------------
Start Handling Custom Attributes
---------------------------------------------------------------------------------
---------------------------------------------------------------------------------
Finished Handling Custom Attributes : Time (s): cpu = 00:00:03 ; elapsed = 00:00:04 . Memory (MB): peak = 522.918 ; gain = 149.879
---------------------------------------------------------------------------------
---------------------------------------------------------------------------------
Finished RTL Optimization Phase 1 : Time (s): cpu = 00:00:03 ; elapsed = 00:00:04 . Memory (MB): peak = 522.918 ; gain = 149.879
---------------------------------------------------------------------------------
INFO: [Netlist 29-17] Analyzing 3 Unisim elements for replacement
INFO: [Netlist 29-28] Unisim Transformation completed in 0 CPU seconds
INFO: [Device 21-403] Loading part xc7z020clg400-1
INFO: [Project 1-570] Preparing netlist for logic optimization

Processing XDC Constraints
Initializing timing engine
Parsing XDC File [c:/Users/Cyrill/Documents/S6/BA-GULFstream/Pynq Setup/pynq_setup_gulf/pynq_setup_gulf.srcs/sources_1/ip/data_rom_2/data_rom/data_rom_in_context.xdc] for cell 'datarom'
Finished Parsing XDC File [c:/Users/Cyrill/Documents/S6/BA-GULFstream/Pynq Setup/pynq_setup_gulf/pynq_setup_gulf.srcs/sources_1/ip/data_rom_2/data_rom/data_rom_in_context.xdc] for cell 'datarom'
Parsing XDC File [c:/Users/Cyrill/Documents/S6/BA-GULFstream/Pynq Setup/pynq_setup_gulf/pynq_setup_gulf.srcs/sources_1/ip/ila_0_4/ila_0/ila_0_in_context.xdc] for cell 'your_instance_name'
Finished Parsing XDC File [c:/Users/Cyrill/Documents/S6/BA-GULFstream/Pynq Setup/pynq_setup_gulf/pynq_setup_gulf.srcs/sources_1/ip/ila_0_4/ila_0/ila_0_in_context.xdc] for cell 'your_instance_name'
Parsing XDC File [C:/Users/Cyrill/Documents/S6/BA-GULFstream/Pynq Setup/pynq_setup_gulf/pynq_setup_gulf.srcs/constrs_1/new/physical.xdc]
WARNING: [Vivado 12-507] No nets matched 'clk_sv'. [C:/Users/Cyrill/Documents/S6/BA-GULFstream/Pynq Setup/pynq_setup_gulf/pynq_setup_gulf.srcs/constrs_1/new/physical.xdc:196]
WARNING: [Vivado 12-507] No nets matched 'clk_s_BUFG'. [C:/Users/Cyrill/Documents/S6/BA-GULFstream/Pynq Setup/pynq_setup_gulf/pynq_setup_gulf.srcs/constrs_1/new/physical.xdc:208]
Finished Parsing XDC File [C:/Users/Cyrill/Documents/S6/BA-GULFstream/Pynq Setup/pynq_setup_gulf/pynq_setup_gulf.srcs/constrs_1/new/physical.xdc]
WARNING: [Project 1-498] One or more constraints failed evaluation while reading constraint file [C:/Users/Cyrill/Documents/S6/BA-GULFstream/Pynq Setup/pynq_setup_gulf/pynq_setup_gulf.srcs/constrs_1/new/physical.xdc] and the design contains unresolved black boxes. These constraints will be read post-synthesis (as long as their source constraint file is marked as used_in_implementation) and should be applied correctly then. You should review the constraints listed in the file [.Xil/gulf_top_propImpl.xdc] and check the run log file to verify that these constraints were correctly applied.
INFO: [Project 1-236] Implementation specific constraints were found while reading constraint file [C:/Users/Cyrill/Documents/S6/BA-GULFstream/Pynq Setup/pynq_setup_gulf/pynq_setup_gulf.srcs/constrs_1/new/physical.xdc]. These constraints will be ignored for synthesis but will be used in implementation. Impacted constraints are listed in the file [.Xil/gulf_top_propImpl.xdc].
Resolution: To avoid this warning, move constraints listed in [.Xil/gulf_top_propImpl.xdc] to another XDC file and exclude this new file from synthesis with the used_in_synthesis property (File Properties dialog in GUI) and re-run elaboration/synthesis.
Parsing XDC File [C:/Users/Cyrill/Documents/S6/BA-GULFstream/Pynq Setup/pynq_setup_gulf/pynq_setup_gulf.runs/synth_1/dont_touch.xdc]
Finished Parsing XDC File [C:/Users/Cyrill/Documents/S6/BA-GULFstream/Pynq Setup/pynq_setup_gulf/pynq_setup_gulf.runs/synth_1/dont_touch.xdc]
Completed Processing XDC Constraints

INFO: [Project 1-111] Unisim Transformation Summary:
  A total of 2 instances were transformed.
  IBUFGDS => IBUFDS: 1 instances
  OBUFDS => OBUFDS_DUAL_BUF (INV, OBUFDS, OBUFDS): 1 instances

Constraint Validation Runtime : Time (s): cpu = 00:00:00 ; elapsed = 00:00:00.005 . Memory (MB): peak = 850.781 ; gain = 0.000
---------------------------------------------------------------------------------
Finished Constraint Validation : Time (s): cpu = 00:00:13 ; elapsed = 00:00:23 . Memory (MB): peak = 850.781 ; gain = 477.742
---------------------------------------------------------------------------------
---------------------------------------------------------------------------------
Start Loading Part and Timing Information
---------------------------------------------------------------------------------
Loading part: xc7z020clg400-1
---------------------------------------------------------------------------------
Finished Loading Part and Timing Information : Time (s): cpu = 00:00:13 ; elapsed = 00:00:23 . Memory (MB): peak = 850.781 ; gain = 477.742
---------------------------------------------------------------------------------
---------------------------------------------------------------------------------
Start Applying 'set_property' XDC Constraints
---------------------------------------------------------------------------------
Applied set_property DONT_TOUCH = true for datarom. (constraint file  auto generated constraint, line ).
Applied set_property DONT_TOUCH = true for your_instance_name. (constraint file  auto generated constraint, line ).
---------------------------------------------------------------------------------
Finished applying 'set_property' XDC Constraints : Time (s): cpu = 00:00:13 ; elapsed = 00:00:23 . Memory (MB): peak = 850.781 ; gain = 477.742
---------------------------------------------------------------------------------
INFO: [Synth 8-5546] ROM "state_s" won't be mapped to RAM because it is too sparse
INFO: [Synth 8-5546] ROM "adr_v" won't be mapped to RAM because it is too sparse
---------------------------------------------------------------------------------
Finished RTL Optimization Phase 2 : Time (s): cpu = 00:00:13 ; elapsed = 00:00:23 . Memory (MB): peak = 850.781 ; gain = 477.742
---------------------------------------------------------------------------------

Report RTL Partitions: 
+-+--------------+------------+----------+
| |RTL Partition |Replication |Instances |
+-+--------------+------------+----------+
+-+--------------+------------+----------+
---------------------------------------------------------------------------------
Start RTL Component Statistics 
---------------------------------------------------------------------------------
Detailed RTL Component Info : 
+---Registers : 
	                1 Bit    Registers := 2     
+---Muxes : 
	   2 Input      1 Bit        Muxes := 2     
	   3 Input      1 Bit        Muxes := 2     
---------------------------------------------------------------------------------
Finished RTL Component Statistics 
---------------------------------------------------------------------------------
---------------------------------------------------------------------------------
Start RTL Hierarchical Component Statistics 
---------------------------------------------------------------------------------
Hierarchical RTL Component report 
Module data_fsm 
Detailed RTL Component Info : 
+---Registers : 
	                1 Bit    Registers := 2     
+---Muxes : 
	   2 Input      1 Bit        Muxes := 2     
	   3 Input      1 Bit        Muxes := 2     
---------------------------------------------------------------------------------
Finished RTL Hierarchical Component Statistics
---------------------------------------------------------------------------------
---------------------------------------------------------------------------------
Start Part Resource Summary
---------------------------------------------------------------------------------
Part Resources:
DSPs: 220 (col length:60)
BRAMs: 280 (col length: RAMB18 60 RAMB36 30)
---------------------------------------------------------------------------------
Finished Part Resource Summary
---------------------------------------------------------------------------------
---------------------------------------------------------------------------------
Start Cross Boundary and Area Optimization
---------------------------------------------------------------------------------
Warning: Parallel synthesis criteria is not met 
INFO: [Synth 8-5546] ROM "statemachine/adr_v" won't be mapped to RAM because it is too sparse
---------------------------------------------------------------------------------
Finished Cross Boundary and Area Optimization : Time (s): cpu = 00:00:14 ; elapsed = 00:00:23 . Memory (MB): peak = 850.781 ; gain = 477.742
---------------------------------------------------------------------------------

Report RTL Partitions: 
+-+--------------+------------+----------+
| |RTL Partition |Replication |Instances |
+-+--------------+------------+----------+
+-+--------------+------------+----------+
---------------------------------------------------------------------------------
Start Applying XDC Timing Constraints
---------------------------------------------------------------------------------
---------------------------------------------------------------------------------
Finished Applying XDC Timing Constraints : Time (s): cpu = 00:00:22 ; elapsed = 00:00:33 . Memory (MB): peak = 873.551 ; gain = 500.512
---------------------------------------------------------------------------------
---------------------------------------------------------------------------------
Start Timing Optimization
---------------------------------------------------------------------------------
---------------------------------------------------------------------------------
Finished Timing Optimization : Time (s): cpu = 00:00:22 ; elapsed = 00:00:33 . Memory (MB): peak = 873.551 ; gain = 500.512
---------------------------------------------------------------------------------

Report RTL Partitions: 
+-+--------------+------------+----------+
| |RTL Partition |Replication |Instances |
+-+--------------+------------+----------+
+-+--------------+------------+----------+
---------------------------------------------------------------------------------
Start Technology Mapping
---------------------------------------------------------------------------------
---------------------------------------------------------------------------------
Finished Technology Mapping : Time (s): cpu = 00:00:22 ; elapsed = 00:00:33 . Memory (MB): peak = 883.660 ; gain = 510.621
---------------------------------------------------------------------------------

Report RTL Partitions: 
+-+--------------+------------+----------+
| |RTL Partition |Replication |Instances |
+-+--------------+------------+----------+
+-+--------------+------------+----------+
---------------------------------------------------------------------------------
Start IO Insertion
---------------------------------------------------------------------------------
---------------------------------------------------------------------------------
Start Flattening Before IO Insertion
---------------------------------------------------------------------------------
---------------------------------------------------------------------------------
Finished Flattening Before IO Insertion
---------------------------------------------------------------------------------
---------------------------------------------------------------------------------
Start Final Netlist Cleanup
---------------------------------------------------------------------------------
---------------------------------------------------------------------------------
Finished Final Netlist Cleanup
---------------------------------------------------------------------------------
---------------------------------------------------------------------------------
Finished IO Insertion : Time (s): cpu = 00:00:23 ; elapsed = 00:00:34 . Memory (MB): peak = 883.660 ; gain = 510.621
---------------------------------------------------------------------------------

Report Check Netlist: 
+------+------------------+-------+---------+-------+------------------+
|      |Item              |Errors |Warnings |Status |Description       |
+------+------------------+-------+---------+-------+------------------+
|1     |multi_driven_nets |      0|        0|Passed |Multi driven nets |
+------+------------------+-------+---------+-------+------------------+
---------------------------------------------------------------------------------
Start Renaming Generated Instances
---------------------------------------------------------------------------------
---------------------------------------------------------------------------------
Finished Renaming Generated Instances : Time (s): cpu = 00:00:23 ; elapsed = 00:00:34 . Memory (MB): peak = 883.660 ; gain = 510.621
---------------------------------------------------------------------------------

Report RTL Partitions: 
+-+--------------+------------+----------+
| |RTL Partition |Replication |Instances |
+-+--------------+------------+----------+
+-+--------------+------------+----------+
---------------------------------------------------------------------------------
Start Rebuilding User Hierarchy
---------------------------------------------------------------------------------
---------------------------------------------------------------------------------
Finished Rebuilding User Hierarchy : Time (s): cpu = 00:00:23 ; elapsed = 00:00:34 . Memory (MB): peak = 883.660 ; gain = 510.621
---------------------------------------------------------------------------------
---------------------------------------------------------------------------------
Start Renaming Generated Ports
---------------------------------------------------------------------------------
---------------------------------------------------------------------------------
Finished Renaming Generated Ports : Time (s): cpu = 00:00:23 ; elapsed = 00:00:34 . Memory (MB): peak = 883.660 ; gain = 510.621
---------------------------------------------------------------------------------
---------------------------------------------------------------------------------
Start Handling Custom Attributes
---------------------------------------------------------------------------------
---------------------------------------------------------------------------------
Finished Handling Custom Attributes : Time (s): cpu = 00:00:23 ; elapsed = 00:00:34 . Memory (MB): peak = 883.660 ; gain = 510.621
---------------------------------------------------------------------------------
---------------------------------------------------------------------------------
Start Renaming Generated Nets
---------------------------------------------------------------------------------
---------------------------------------------------------------------------------
Finished Renaming Generated Nets : Time (s): cpu = 00:00:23 ; elapsed = 00:00:34 . Memory (MB): peak = 883.660 ; gain = 510.621
---------------------------------------------------------------------------------
---------------------------------------------------------------------------------
Start Writing Synthesis Report
---------------------------------------------------------------------------------

Report BlackBoxes: 
+------+--------------+----------+
|      |BlackBox name |Instances |
+------+--------------+----------+
|1     |data_rom      |         1|
|2     |ila_0         |         1|
+------+--------------+----------+

Report Cell Usage: 
+------+----------------+------+
|      |Cell            |Count |
+------+----------------+------+
|1     |data_rom_bbox_0 |     1|
|2     |ila_0_bbox_1    |     1|
|3     |BUFG            |     1|
|4     |CARRY4          |     4|
|5     |LUT1            |     1|
|6     |LUT2            |     1|
|7     |LUT3            |     1|
|8     |LUT4            |     1|
|9     |LUT5            |     1|
|10    |LUT6            |     6|
|11    |FDRE            |    18|
|12    |IBUF            |     2|
|13    |IBUFDS          |     1|
|14    |IBUFGDS         |     1|
|15    |OBUF            |     1|
|16    |OBUFDS          |     1|
+------+----------------+------+

Report Instance Areas: 
+------+---------------+---------+------+
|      |Instance       |Module   |Cells |
+------+---------------+---------+------+
|1     |top            |         |    41|
|2     |  statemachine |data_fsm |    33|
+------+---------------+---------+------+
---------------------------------------------------------------------------------
Finished Writing Synthesis Report : Time (s): cpu = 00:00:23 ; elapsed = 00:00:34 . Memory (MB): peak = 883.660 ; gain = 510.621
---------------------------------------------------------------------------------
Synthesis finished with 0 errors, 0 critical warnings and 0 warnings.
Synthesis Optimization Runtime : Time (s): cpu = 00:00:13 ; elapsed = 00:00:18 . Memory (MB): peak = 883.660 ; gain = 182.758
Synthesis Optimization Complete : Time (s): cpu = 00:00:24 ; elapsed = 00:00:35 . Memory (MB): peak = 883.660 ; gain = 510.621
INFO: [Project 1-571] Translating synthesized netlist
INFO: [Netlist 29-17] Analyzing 9 Unisim elements for replacement
INFO: [Netlist 29-28] Unisim Transformation completed in 0 CPU seconds
INFO: [Project 1-570] Preparing netlist for logic optimization
INFO: [Opt 31-138] Pushed 0 inverter(s) to 0 load pin(s).
INFO: [Project 1-111] Unisim Transformation Summary:
  A total of 2 instances were transformed.
  IBUFGDS => IBUFDS: 1 instances
  OBUFDS => OBUFDS_DUAL_BUF (INV, OBUFDS, OBUFDS): 1 instances

INFO: [Common 17-83] Releasing license: Synthesis
30 Infos, 3 Warnings, 0 Critical Warnings and 0 Errors encountered.
synth_design completed successfully
synth_design: Time (s): cpu = 00:00:26 ; elapsed = 00:00:37 . Memory (MB): peak = 899.238 ; gain = 527.910
WARNING: [Constraints 18-5210] No constraint will be written out.
INFO: [Common 17-1381] The checkpoint 'C:/Users/Cyrill/Documents/S6/BA-GULFstream/Pynq Setup/pynq_setup_gulf/pynq_setup_gulf.runs/synth_1/gulf_top.dcp' has been generated.
INFO: [runtcl-4] Executing : report_utilization -file gulf_top_utilization_synth.rpt -pb gulf_top_utilization_synth.pb
report_utilization: Time (s): cpu = 00:00:00 ; elapsed = 00:00:00.039 . Memory (MB): peak = 899.238 ; gain = 0.000
INFO: [Common 17-206] Exiting Vivado at Tue Aug  2 09:53:39 2022...
